<?xml version="1.0" encoding="UTF-8"?>
<!-- Generated by org.testng.reporters.JUnitXMLReporter -->
<testsuite ignored="0" hostname="DESKTOP-JI6AST2" failures="0" tests="8" name="Regression Test" time="88.922" errors="0" timestamp="2026-07-12T21:31:22 WIB">
  <testcase classname="tests.LoginTest" name="testLoginEmptyFields" time="9.556"/>
  <testcase classname="tests.LoginTest" name="testLoginEmptyFields" time="4.724"/>
  <testcase classname="tests.LoginTest" name="testLoginEmptyFields" time="2.422"/>
  <testcase classname="tests.LoginTest" name="testLoginLockedUser" time="5.43"/>
  <testcase classname="tests.LoginTest" name="testLoginSuccess" time="5.525"/>
  <testcase classname="tests.LoginTest" name="testLoginWrongPassword" time="7.8"/>
  <testcase classname="tests.CartTest" name="testAddSingleItemToCart" time="0.11"/>
  <testcase classname="tests.CartTest" name="testSortPriceLowToHigh" time="0.213"/>
</testsuite> <!-- Regression Test -->
