<?xml version="1.0" encoding="UTF-8"?>
<!-- Generated by org.testng.reporters.JUnitReportReporter -->
<testsuite hostname="DESKTOP-JI6AST2" failures="0" tests="6" name="tests.LoginTest" time="71.693" errors="0" timestamp="2026-07-12T21:31:22 WIB" skipped="0">
  <testcase classname="tests.LoginTest" name="testLoginEmptyFields" time="11.168"/>
  <testcase classname="tests.LoginTest" name="testLoginLockedUser" time="8.021"/>
  <testcase classname="tests.LoginTest" name="testLoginEmptyFields" time="12.368"/>
  <testcase classname="tests.LoginTest" name="testLoginEmptyFields" time="4.623"/>
  <testcase classname="tests.LoginTest" name="testLoginSuccess" time="25.170"/>
  <testcase classname="tests.LoginTest" name="testLoginWrongPassword" time="10.343"/>
</testsuite> <!-- tests.LoginTest -->
